{"message":"Could not get the genres","stack":"Error: Could not get the genres\n    at C:\\Users\\me\\Desktop\\Node\\Project\\routes\\courses.js:11:11\n    at C:\\Users\\me\\Desktop\\Node\\Project\\middleware\\async.js:4:13\n    at newFn (C:\\Users\\me\\Desktop\\Node\\Project\\node_modules\\express-async-errors\\index.js:16:20)\n    at Layer.handle [as handle_request] (C:\\Users\\me\\Desktop\\Node\\Project\\node_modules\\express\\lib\\router\\layer.js:95:5)\n    at next (C:\\Users\\me\\Desktop\\Node\\Project\\node_modules\\express\\lib\\router\\route.js:144:13)\n    at Route.dispatch (C:\\Users\\me\\Desktop\\Node\\Project\\node_modules\\express\\lib\\router\\route.js:114:3)\n    at newFn (C:\\Users\\me\\Desktop\\Node\\Project\\node_modules\\express-async-errors\\index.js:16:20)\n    at Layer.handle [as handle_request] (C:\\Users\\me\\Desktop\\Node\\Project\\node_modules\\express\\lib\\router\\layer.js:95:5)\n    at C:\\Users\\me\\Desktop\\Node\\Project\\node_modules\\express\\lib\\router\\index.js:284:15\n    at Function.process_params (C:\\Users\\me\\Desktop\\Node\\Project\\node_modules\\express\\lib\\router\\index.js:346:12)","level":"error","timestamp":"2022-08-05T08:09:32.032Z"}
{"message":"Could not get the genres","stack":"Error: Could not get the genres\n    at C:\\Users\\me\\Desktop\\Node\\Project\\routes\\courses.js:11:11\n    at C:\\Users\\me\\Desktop\\Node\\Project\\middleware\\async.js:4:13\n    at newFn (C:\\Users\\me\\Desktop\\Node\\Project\\node_modules\\express-async-errors\\index.js:16:20)\n    at Layer.handle [as handle_request] (C:\\Users\\me\\Desktop\\Node\\Project\\node_modules\\express\\lib\\router\\layer.js:95:5)\n    at next (C:\\Users\\me\\Desktop\\Node\\Project\\node_modules\\express\\lib\\router\\route.js:144:13)\n    at Route.dispatch (C:\\Users\\me\\Desktop\\Node\\Project\\node_modules\\express\\lib\\router\\route.js:114:3)\n    at newFn (C:\\Users\\me\\Desktop\\Node\\Project\\node_modules\\express-async-errors\\index.js:16:20)\n    at Layer.handle [as handle_request] (C:\\Users\\me\\Desktop\\Node\\Project\\node_modules\\express\\lib\\router\\layer.js:95:5)\n    at C:\\Users\\me\\Desktop\\Node\\Project\\node_modules\\express\\lib\\router\\index.js:284:15\n    at Function.process_params (C:\\Users\\me\\Desktop\\Node\\Project\\node_modules\\express\\lib\\router\\index.js:346:12)","level":"error","timestamp":"2022-08-05T08:09:42.852Z"}
{"message":"Could not get the genres","stack":"Error: Could not get the genres\n    at C:\\Users\\me\\Desktop\\Node\\Project\\routes\\courses.js:11:11\n    at C:\\Users\\me\\Desktop\\Node\\Project\\middleware\\async.js:4:13\n    at newFn (C:\\Users\\me\\Desktop\\Node\\Project\\node_modules\\express-async-errors\\index.js:16:20)\n    at Layer.handle [as handle_request] (C:\\Users\\me\\Desktop\\Node\\Project\\node_modules\\express\\lib\\router\\layer.js:95:5)\n    at next (C:\\Users\\me\\Desktop\\Node\\Project\\node_modules\\express\\lib\\router\\route.js:144:13)\n    at Route.dispatch (C:\\Users\\me\\Desktop\\Node\\Project\\node_modules\\express\\lib\\router\\route.js:114:3)\n    at newFn (C:\\Users\\me\\Desktop\\Node\\Project\\node_modules\\express-async-errors\\index.js:16:20)\n    at Layer.handle [as handle_request] (C:\\Users\\me\\Desktop\\Node\\Project\\node_modules\\express\\lib\\router\\layer.js:95:5)\n    at C:\\Users\\me\\Desktop\\Node\\Project\\node_modules\\express\\lib\\router\\index.js:284:15\n    at Function.process_params (C:\\Users\\me\\Desktop\\Node\\Project\\node_modules\\express\\lib\\router\\index.js:346:12)","level":"error","timestamp":"2022-08-05T08:14:12.491Z"}
{"message":"smtn failed","stack":"Error: smtn failed\n    at Object.<anonymous> (C:\\Users\\me\\Desktop\\Node\\Project\\index.js:24:7)\n    at Module._compile (node:internal/modules/cjs/loader:1105:14)\n    at Object.Module._extensions..js (node:internal/modules/cjs/loader:1159:10)\n    at Module.load (node:internal/modules/cjs/loader:981:32)\n    at Function.Module._load (node:internal/modules/cjs/loader:822:12)\n    at Function.executeUserEntryPoint [as runMain] (node:internal/modules/run_main:77:12)\n    at node:internal/main/run_main_module:17:47","level":"error","timestamp":"2022-08-05T08:23:32.029Z"}
{"message":"smtn failed during startup","stack":"Error: smtn failed during startup\n    at Object.<anonymous> (C:\\Users\\me\\Desktop\\Node\\Project\\index.js:24:26)\n    at Module._compile (node:internal/modules/cjs/loader:1105:14)\n    at Object.Module._extensions..js (node:internal/modules/cjs/loader:1159:10)\n    at Module.load (node:internal/modules/cjs/loader:981:32)\n    at Function.Module._load (node:internal/modules/cjs/loader:822:12)\n    at Function.executeUserEntryPoint [as runMain] (node:internal/modules/run_main:77:12)\n    at node:internal/main/run_main_module:17:47","level":"error","timestamp":"2022-08-05T08:25:55.827Z"}
{"message":"smtn failed during startup","stack":"Error: smtn failed during startup\n    at Object.<anonymous> (C:\\Users\\me\\Desktop\\Node\\Project\\index.js:24:26)\n    at Module._compile (node:internal/modules/cjs/loader:1105:14)\n    at Object.Module._extensions..js (node:internal/modules/cjs/loader:1159:10)\n    at Module.load (node:internal/modules/cjs/loader:981:32)\n    at Function.Module._load (node:internal/modules/cjs/loader:822:12)\n    at Function.executeUserEntryPoint [as runMain] (node:internal/modules/run_main:77:12)\n    at node:internal/main/run_main_module:17:47","level":"error","timestamp":"2022-08-05T08:39:27.130Z"}
{"message":"smtn failed during startup","stack":"Error: smtn failed during startup\n    at Object.<anonymous> (C:\\Users\\me\\Desktop\\Node\\Project\\index.js:24:26)\n    at Module._compile (node:internal/modules/cjs/loader:1105:14)\n    at Object.Module._extensions..js (node:internal/modules/cjs/loader:1159:10)\n    at Module.load (node:internal/modules/cjs/loader:981:32)\n    at Function.Module._load (node:internal/modules/cjs/loader:822:12)\n    at Function.executeUserEntryPoint [as runMain] (node:internal/modules/run_main:77:12)\n    at node:internal/main/run_main_module:17:47","level":"error","timestamp":"2022-08-05T08:44:05.436Z"}
{"message":"smtn failed during startup","stack":"Error: smtn failed during startup\n    at Object.<anonymous> (C:\\Users\\me\\Desktop\\Node\\Project\\index.js:24:26)\n    at Module._compile (node:internal/modules/cjs/loader:1105:14)\n    at Object.Module._extensions..js (node:internal/modules/cjs/loader:1159:10)\n    at Module.load (node:internal/modules/cjs/loader:981:32)\n    at Function.Module._load (node:internal/modules/cjs/loader:822:12)\n    at Function.executeUserEntryPoint [as runMain] (node:internal/modules/run_main:77:12)\n    at node:internal/main/run_main_module:17:47","level":"error","timestamp":"2022-08-05T08:44:51.328Z"}
{"message":"smtn failed during startup","stack":"Error: smtn failed during startup\n    at Object.<anonymous> (C:\\Users\\me\\Desktop\\Node\\Project\\index.js:24:26)\n    at Module._compile (node:internal/modules/cjs/loader:1105:14)\n    at Object.Module._extensions..js (node:internal/modules/cjs/loader:1159:10)\n    at Module.load (node:internal/modules/cjs/loader:981:32)\n    at Function.Module._load (node:internal/modules/cjs/loader:822:12)\n    at Function.executeUserEntryPoint [as runMain] (node:internal/modules/run_main:77:12)\n    at node:internal/main/run_main_module:17:47","level":"error","timestamp":"2022-08-05T08:47:23.306Z"}
{"level":"info","message":"connected to MingoDB...","timestamp":"2022-08-05T08:48:06.229Z"}
{"level":"info","message":"connected to MongoDB...","timestamp":"2022-08-05T08:49:02.734Z"}
{"level":"info","message":"connected to MongoDB...","timestamp":"2022-08-05T08:49:13.186Z"}
{"level":"info","message":"connected to MongoDB...","timestamp":"2022-08-05T08:50:17.128Z"}
{"level":"info","message":"connected to MongoDB...","timestamp":"2022-08-05T08:50:46.655Z"}
{"level":"info","message":"connected to MongoDB...","timestamp":"2022-08-05T08:51:22.946Z"}
{"level":"info","message":"connected to MongoDB...","timestamp":"2022-08-05T08:51:58.828Z"}
{"level":"info","message":"Listening on port 3000","timestamp":"2022-08-05T13:22:39.768Z"}
{"level":"info","message":"connected to MongoDB...","timestamp":"2022-08-05T13:22:39.878Z"}
{"level":"info","message":"Listening on port 3000","timestamp":"2022-08-05T13:23:57.474Z"}
{"level":"info","message":"connected to MongoDB...","timestamp":"2022-08-05T13:23:57.608Z"}
{"level":"info","message":"Listening on port 3000","timestamp":"2022-08-05T13:28:05.649Z"}
{"level":"info","message":"connected to mongodb://localhost/Coursely","timestamp":"2022-08-05T13:28:05.766Z"}
{"level":"info","message":"Listening on port 3000","timestamp":"2022-08-05T13:28:59.193Z"}
{"level":"info","message":"connected to mongodb://localhost/Coursely_tests","timestamp":"2022-08-05T13:28:59.274Z"}
{"level":"info","message":"Listening on port 3000","timestamp":"2022-08-05T13:29:37.520Z"}
{"level":"info","message":"connected to mongodb://localhost/Coursely","timestamp":"2022-08-05T13:29:37.655Z"}
{"level":"info","message":"Listening on port 3000","timestamp":"2022-08-05T13:37:36.708Z"}
{"level":"info","message":"connected to mongodb://localhost/Coursely","timestamp":"2022-08-05T13:37:36.844Z"}
{"level":"info","message":"Listening on port 3000","timestamp":"2022-08-05T13:39:15.485Z"}
{"message":"Could not get the genres","stack":"Error: Could not get the genres\n    at C:\\Users\\me\\Desktop\\Node\\Project\\routes\\courses.js:11:11\n    at handler (C:\\Users\\me\\Desktop\\Node\\Project\\middleware\\async.js:4:13)\n    at newFn (C:\\Users\\me\\Desktop\\Node\\Project\\node_modules\\express-async-errors\\index.js:16:20)\n    at Layer.handle [as handle_request] (C:\\Users\\me\\Desktop\\Node\\Project\\node_modules\\express\\lib\\router\\layer.js:95:5)\n    at next (C:\\Users\\me\\Desktop\\Node\\Project\\node_modules\\express\\lib\\router\\route.js:144:13)\n    at Route.dispatch (C:\\Users\\me\\Desktop\\Node\\Project\\node_modules\\express\\lib\\router\\route.js:114:3)\n    at newFn (C:\\Users\\me\\Desktop\\Node\\Project\\node_modules\\express-async-errors\\index.js:16:20)\n    at Layer.handle [as handle_request] (C:\\Users\\me\\Desktop\\Node\\Project\\node_modules\\express\\lib\\router\\layer.js:95:5)\n    at C:\\Users\\me\\Desktop\\Node\\Project\\node_modules\\express\\lib\\router\\index.js:284:15\n    at Function.process_params (C:\\Users\\me\\Desktop\\Node\\Project\\node_modules\\express\\lib\\router\\index.js:346:12)","level":"error","timestamp":"2022-08-05T13:39:15.597Z"}
{"level":"info","message":"connected to mongodb://localhost/Coursely","timestamp":"2022-08-05T13:39:15.670Z"}
{"level":"info","message":"Listening on port 3000","timestamp":"2022-08-05T13:40:47.138Z"}
{"level":"info","message":"connected to mongodb://localhost/Coursely_tests","timestamp":"2022-08-05T13:40:47.312Z"}
{"message":"Could not get the genres","stack":"Error: Could not get the genres\n    at C:\\Users\\me\\Desktop\\Node\\Project\\routes\\courses.js:11:11\n    at C:\\Users\\me\\Desktop\\Node\\Project\\middleware\\async.js:4:13\n    at newFn (C:\\Users\\me\\Desktop\\Node\\Project\\node_modules\\express-async-errors\\index.js:16:20)\n    at Layer.handle [as handle_request] (C:\\Users\\me\\Desktop\\Node\\Project\\node_modules\\express\\lib\\router\\layer.js:95:5)\n    at next (C:\\Users\\me\\Desktop\\Node\\Project\\node_modules\\express\\lib\\router\\route.js:144:13)\n    at Route.dispatch (C:\\Users\\me\\Desktop\\Node\\Project\\node_modules\\express\\lib\\router\\route.js:114:3)\n    at newFn (C:\\Users\\me\\Desktop\\Node\\Project\\node_modules\\express-async-errors\\index.js:16:20)\n    at Layer.handle [as handle_request] (C:\\Users\\me\\Desktop\\Node\\Project\\node_modules\\express\\lib\\router\\layer.js:95:5)\n    at C:\\Users\\me\\Desktop\\Node\\Project\\node_modules\\express\\lib\\router\\index.js:284:15\n    at Function.process_params (C:\\Users\\me\\Desktop\\Node\\Project\\node_modules\\express\\lib\\router\\index.js:346:12)","level":"error","timestamp":"2022-08-05T13:41:00.569Z"}
{"level":"info","message":"Listening on port 3000","timestamp":"2022-08-05T13:43:05.581Z"}
{"level":"info","message":"connected to mongodb://localhost/Coursely","timestamp":"2022-08-05T13:43:05.664Z"}
{"message":"Could not get the courses","stack":"Error: Could not get the courses\n    at C:\\Users\\me\\Desktop\\Node\\Project\\routes\\courses.js:11:11\n    at C:\\Users\\me\\Desktop\\Node\\Project\\middleware\\async.js:4:13\n    at newFn (C:\\Users\\me\\Desktop\\Node\\Project\\node_modules\\express-async-errors\\index.js:16:20)\n    at Layer.handle [as handle_request] (C:\\Users\\me\\Desktop\\Node\\Project\\node_modules\\express\\lib\\router\\layer.js:95:5)\n    at next (C:\\Users\\me\\Desktop\\Node\\Project\\node_modules\\express\\lib\\router\\route.js:144:13)\n    at Route.dispatch (C:\\Users\\me\\Desktop\\Node\\Project\\node_modules\\express\\lib\\router\\route.js:114:3)\n    at newFn (C:\\Users\\me\\Desktop\\Node\\Project\\node_modules\\express-async-errors\\index.js:16:20)\n    at Layer.handle [as handle_request] (C:\\Users\\me\\Desktop\\Node\\Project\\node_modules\\express\\lib\\router\\layer.js:95:5)\n    at C:\\Users\\me\\Desktop\\Node\\Project\\node_modules\\express\\lib\\router\\index.js:284:15\n    at Function.process_params (C:\\Users\\me\\Desktop\\Node\\Project\\node_modules\\express\\lib\\router\\index.js:346:12)","level":"error","timestamp":"2022-08-05T13:43:11.586Z"}
{"message":"Could not get the courses","stack":"Error: Could not get the courses\n    at C:\\Users\\me\\Desktop\\Node\\Project\\routes\\courses.js:11:11\n    at C:\\Users\\me\\Desktop\\Node\\Project\\middleware\\async.js:4:13\n    at newFn (C:\\Users\\me\\Desktop\\Node\\Project\\node_modules\\express-async-errors\\index.js:16:20)\n    at Layer.handle [as handle_request] (C:\\Users\\me\\Desktop\\Node\\Project\\node_modules\\express\\lib\\router\\layer.js:95:5)\n    at next (C:\\Users\\me\\Desktop\\Node\\Project\\node_modules\\express\\lib\\router\\route.js:144:13)\n    at Route.dispatch (C:\\Users\\me\\Desktop\\Node\\Project\\node_modules\\express\\lib\\router\\route.js:114:3)\n    at newFn (C:\\Users\\me\\Desktop\\Node\\Project\\node_modules\\express-async-errors\\index.js:16:20)\n    at Layer.handle [as handle_request] (C:\\Users\\me\\Desktop\\Node\\Project\\node_modules\\express\\lib\\router\\layer.js:95:5)\n    at C:\\Users\\me\\Desktop\\Node\\Project\\node_modules\\express\\lib\\router\\index.js:284:15\n    at Function.process_params (C:\\Users\\me\\Desktop\\Node\\Project\\node_modules\\express\\lib\\router\\index.js:346:12)","level":"error","timestamp":"2022-08-05T13:43:35.496Z"}
{"message":"Could not get the courses","stack":"Error: Could not get the courses\n    at C:\\Users\\me\\Desktop\\Node\\Project\\routes\\courses.js:11:11\n    at C:\\Users\\me\\Desktop\\Node\\Project\\middleware\\async.js:4:13\n    at newFn (C:\\Users\\me\\Desktop\\Node\\Project\\node_modules\\express-async-errors\\index.js:16:20)\n    at Layer.handle [as handle_request] (C:\\Users\\me\\Desktop\\Node\\Project\\node_modules\\express\\lib\\router\\layer.js:95:5)\n    at next (C:\\Users\\me\\Desktop\\Node\\Project\\node_modules\\express\\lib\\router\\route.js:144:13)\n    at Route.dispatch (C:\\Users\\me\\Desktop\\Node\\Project\\node_modules\\express\\lib\\router\\route.js:114:3)\n    at newFn (C:\\Users\\me\\Desktop\\Node\\Project\\node_modules\\express-async-errors\\index.js:16:20)\n    at Layer.handle [as handle_request] (C:\\Users\\me\\Desktop\\Node\\Project\\node_modules\\express\\lib\\router\\layer.js:95:5)\n    at C:\\Users\\me\\Desktop\\Node\\Project\\node_modules\\express\\lib\\router\\index.js:284:15\n    at Function.process_params (C:\\Users\\me\\Desktop\\Node\\Project\\node_modules\\express\\lib\\router\\index.js:346:12)","level":"error","timestamp":"2022-08-05T13:44:17.993Z"}
{"level":"info","message":"Listening on port 3000","timestamp":"2022-08-05T13:44:29.695Z"}
{"level":"info","message":"connected to mongodb://localhost/Coursely_tests","timestamp":"2022-08-05T13:44:29.785Z"}
{"level":"info","message":"Listening on port 3000","timestamp":"2022-08-05T13:44:56.680Z"}
{"level":"info","message":"connected to mongodb://localhost/Coursely","timestamp":"2022-08-05T13:44:56.939Z"}
{"level":"info","message":"connected to mongodb://localhost/Coursely","timestamp":"2022-08-05T13:49:01.134Z"}
{"level":"info","message":"connected to mongodb://localhost/Coursely","timestamp":"2022-08-05T13:51:01.145Z"}
{"level":"info","message":"Listening on port 3000","timestamp":"2022-08-05T13:52:46.254Z"}
{"level":"info","message":"connected to mongodb://localhost/Coursely","timestamp":"2022-08-05T13:52:46.396Z"}
{"level":"info","message":"Listening on port 3000","timestamp":"2022-08-05T13:53:44.154Z"}
{"level":"info","message":"connected to mongodb://localhost/Coursely","timestamp":"2022-08-05T13:53:44.273Z"}
{"level":"info","message":"Listening on port 3000","timestamp":"2022-08-05T13:54:23.632Z"}
{"level":"info","message":"connected to mongodb://localhost/Coursely","timestamp":"2022-08-05T13:54:23.738Z"}
{"level":"info","message":"Listening on port 3000","timestamp":"2022-08-05T13:54:47.075Z"}
{"level":"info","message":"connected to mongodb://localhost/Coursely","timestamp":"2022-08-05T13:54:47.157Z"}
{"level":"info","message":"Listening on port 3000","timestamp":"2022-08-05T13:57:28.309Z"}
{"level":"info","message":"connected to mongodb://localhost/Coursely","timestamp":"2022-08-05T13:57:28.412Z"}
{"level":"info","message":"Listening on port 3000","timestamp":"2022-08-05T14:03:35.335Z"}
{"level":"info","message":"connected to mongodb://localhost/Coursely","timestamp":"2022-08-05T14:03:35.414Z"}
{"level":"info","message":"Listening on port 3000","timestamp":"2022-08-05T14:04:09.185Z"}
{"level":"info","message":"connected to mongodb://localhost/Coursely","timestamp":"2022-08-05T14:04:09.296Z"}
{"level":"info","message":"Listening on port 3000","timestamp":"2022-08-05T14:04:41.958Z"}
{"level":"info","message":"connected to mongodb://localhost/Coursely","timestamp":"2022-08-05T14:04:42.050Z"}
{"level":"info","message":"Listening on port 3000","timestamp":"2022-08-05T14:05:29.353Z"}
{"level":"info","message":"connected to mongodb://localhost/Coursely","timestamp":"2022-08-05T14:05:29.466Z"}
{"level":"info","message":"Listening on port 3000","timestamp":"2022-08-05T14:07:20.133Z"}
{"level":"info","message":"connected to mongodb://localhost/Coursely","timestamp":"2022-08-05T14:07:20.248Z"}
{"message":"Cast to ObjectId failed for value \"1\" (type string) at path \"_id\" for model \"Course\"","stack":"CastError: Cast to ObjectId failed for value \"1\" (type string) at path \"_id\" for model \"Course\"\n    at model.Query.exec (C:\\Users\\me\\Desktop\\Node\\Project\\node_modules\\mongoose\\lib\\query.js:4798:21)\n    at model.Query.Object.<anonymous>.Query.then (C:\\Users\\me\\Desktop\\Node\\Project\\node_modules\\mongoose\\lib\\query.js:4897:15)\n    at processTicksAndRejections (node:internal/process/task_queues:96:5)","stringValue":"\"1\"","kind":"ObjectId","value":"1","path":"_id","reason":{},"valueType":"string","level":"error","timestamp":"2022-08-05T14:07:20.855Z"}
{"level":"info","message":"Listening on port 3000","timestamp":"2022-08-05T14:10:12.493Z"}
{"level":"info","message":"connected to mongodb://localhost/Coursely","timestamp":"2022-08-05T14:10:12.576Z"}
{"level":"info","message":"Listening on port 3000","timestamp":"2022-08-05T14:13:35.605Z"}
{"level":"info","message":"connected to mongodb://localhost/Coursely","timestamp":"2022-08-05T14:13:35.694Z"}
{"level":"info","message":"Listening on port 3000","timestamp":"2022-08-06T06:44:53.018Z"}
{"level":"info","message":"connected to mongodb://localhost/Coursely_tests","timestamp":"2022-08-06T06:44:53.229Z"}
{"level":"info","message":"Listening on port 3000","timestamp":"2022-08-06T06:46:56.734Z"}
{"level":"info","message":"connected to mongodb://localhost/Coursely_tests","timestamp":"2022-08-06T06:46:56.843Z"}
{"level":"info","message":"Listening on port 3000","timestamp":"2022-08-06T06:48:08.195Z"}
{"level":"info","message":"connected to mongodb://localhost/Coursely_tests","timestamp":"2022-08-06T06:48:08.275Z"}
{"level":"info","message":"Listening on port 3000","timestamp":"2022-08-06T07:01:56.591Z"}
{"level":"info","message":"connected to mongodb://localhost/Coursely","timestamp":"2022-08-06T07:01:56.668Z"}
{"level":"info","message":"Listening on port 3000","timestamp":"2022-08-06T07:02:37.432Z"}
{"level":"info","message":"connected to mongodb://localhost/Coursely","timestamp":"2022-08-06T07:02:37.614Z"}
{"level":"info","message":"Listening on port 3000","timestamp":"2022-08-06T07:03:43.733Z"}
{"level":"info","message":"connected to mongodb://localhost/Coursely","timestamp":"2022-08-06T07:03:43.870Z"}
{"level":"info","message":"Listening on port 3000","timestamp":"2022-08-06T07:04:05.972Z"}
{"level":"info","message":"connected to mongodb://localhost/Coursely","timestamp":"2022-08-06T07:04:06.069Z"}
{"level":"info","message":"Listening on port 3000","timestamp":"2022-08-06T07:07:13.799Z"}
{"level":"info","message":"connected to mongodb://localhost/Coursely","timestamp":"2022-08-06T07:07:13.934Z"}
{"level":"info","message":"Listening on port 3000","timestamp":"2022-08-06T07:08:04.717Z"}
{"level":"info","message":"connected to mongodb://localhost/Coursely","timestamp":"2022-08-06T07:08:04.834Z"}
{"level":"info","message":"Listening on port 3000","timestamp":"2022-08-06T07:12:02.943Z"}
{"level":"info","message":"connected to mongodb://localhost/Coursely","timestamp":"2022-08-06T07:12:03.038Z"}
{"level":"info","message":"Listening on port 3000","timestamp":"2022-08-06T07:13:42.477Z"}
{"level":"info","message":"connected to mongodb://localhost/Coursely","timestamp":"2022-08-06T07:13:42.576Z"}
{"level":"info","message":"Listening on port 3000","timestamp":"2022-08-06T07:14:27.522Z"}
{"level":"info","message":"connected to mongodb://localhost/Coursely","timestamp":"2022-08-06T07:14:27.620Z"}
{"level":"info","message":"Listening on port 3000","timestamp":"2022-08-06T07:15:07.005Z"}
{"level":"info","message":"connected to mongodb://localhost/Coursely","timestamp":"2022-08-06T07:15:07.122Z"}
{"level":"info","message":"Listening on port 3000","timestamp":"2022-08-06T07:16:16.964Z"}
{"level":"info","message":"connected to mongodb://localhost/Coursely","timestamp":"2022-08-06T07:16:17.091Z"}
{"level":"info","message":"Listening on port 3000","timestamp":"2022-08-06T08:25:29.251Z"}
{"level":"info","message":"connected to mongodb://localhost/Coursely","timestamp":"2022-08-06T08:25:29.360Z"}
{"level":"info","message":"Listening on port 3000","timestamp":"2022-08-08T05:15:43.826Z"}
{"level":"info","message":"connected to mongodb://localhost/Coursely_tests","timestamp":"2022-08-08T05:15:44.225Z"}
{"level":"info","message":"Listening on port 3000","timestamp":"2022-08-08T06:13:33.164Z"}
{"level":"info","message":"connected to mongodb://localhost/Coursely_tests","timestamp":"2022-08-08T06:13:33.275Z"}
{"level":"info","message":"Listening on port 3000","timestamp":"2022-08-08T06:15:23.812Z"}
{"level":"info","message":"connected to mongodb://localhost/Coursely_tests","timestamp":"2022-08-08T06:15:23.914Z"}
{"level":"info","message":"Listening on port 3000","timestamp":"2022-08-08T06:15:27.958Z"}
{"level":"info","message":"connected to mongodb://localhost/Coursely_tests","timestamp":"2022-08-08T06:15:28.048Z"}
{"level":"info","message":"Listening on port 3000","timestamp":"2022-08-08T06:16:36.819Z"}
{"level":"info","message":"connected to mongodb://localhost/Coursely_tests","timestamp":"2022-08-08T06:16:36.944Z"}
{"level":"info","message":"Listening on port 3000","timestamp":"2022-08-08T06:16:40.298Z"}
{"level":"info","message":"connected to mongodb://localhost/Coursely_tests","timestamp":"2022-08-08T06:16:40.564Z"}
{"level":"info","message":"Listening on port 3000","timestamp":"2022-08-08T06:17:22.419Z"}
{"level":"info","message":"connected to mongodb://localhost/Coursely_tests","timestamp":"2022-08-08T06:17:22.562Z"}
{"level":"info","message":"Listening on port 3000","timestamp":"2022-08-08T06:17:25.139Z"}
{"level":"info","message":"connected to mongodb://localhost/Coursely_tests","timestamp":"2022-08-08T06:17:25.232Z"}
{"level":"info","message":"Listening on port 3000","timestamp":"2022-08-08T06:20:40.736Z"}
{"level":"info","message":"connected to mongodb://localhost/Coursely_tests","timestamp":"2022-08-08T06:20:41.109Z"}
{"level":"info","message":"Listening on port 3000","timestamp":"2022-08-08T06:20:47.269Z"}
{"level":"info","message":"connected to mongodb://localhost/Coursely_tests","timestamp":"2022-08-08T06:20:48.124Z"}
{"level":"info","message":"Listening on port 3000","timestamp":"2022-08-08T06:24:37.615Z"}
{"level":"info","message":"connected to mongodb://localhost/Coursely_tests","timestamp":"2022-08-08T06:24:37.788Z"}
{"level":"info","message":"Listening on port 3000","timestamp":"2022-08-08T06:24:40.786Z"}
{"level":"info","message":"connected to mongodb://localhost/Coursely_tests","timestamp":"2022-08-08T06:24:41.134Z"}
{"level":"info","message":"Listening on port 3000","timestamp":"2022-08-08T06:28:48.535Z"}
{"level":"info","message":"connected to mongodb://localhost/Coursely_tests","timestamp":"2022-08-08T06:28:48.685Z"}
{"level":"info","message":"Listening on port 3000","timestamp":"2022-08-08T06:28:52.065Z"}
{"level":"info","message":"connected to mongodb://localhost/Coursely_tests","timestamp":"2022-08-08T06:28:52.404Z"}
{"level":"info","message":"Listening on port 3000","timestamp":"2022-08-08T06:30:24.799Z"}
{"level":"info","message":"connected to mongodb://localhost/Coursely_tests","timestamp":"2022-08-08T06:30:25.493Z"}
{"level":"info","message":"Listening on port 3000","timestamp":"2022-08-08T06:30:29.763Z"}
{"level":"info","message":"connected to mongodb://localhost/Coursely_tests","timestamp":"2022-08-08T06:30:29.888Z"}
{"level":"info","message":"Listening on port 3000","timestamp":"2022-08-08T06:30:52.362Z"}
{"level":"info","message":"connected to mongodb://localhost/Coursely_tests","timestamp":"2022-08-08T06:30:52.520Z"}
{"level":"info","message":"Listening on port 3000","timestamp":"2022-08-08T06:30:55.877Z"}
{"level":"info","message":"connected to mongodb://localhost/Coursely_tests","timestamp":"2022-08-08T06:30:56.131Z"}
{"level":"info","message":"Listening on port 3000","timestamp":"2022-08-08T06:31:33.895Z"}
{"level":"info","message":"connected to mongodb://localhost/Coursely_tests","timestamp":"2022-08-08T06:31:34.037Z"}
{"level":"info","message":"Listening on port 3000","timestamp":"2022-08-08T06:31:36.495Z"}
{"level":"info","message":"connected to mongodb://localhost/Coursely_tests","timestamp":"2022-08-08T06:31:36.791Z"}
{"level":"info","message":"Listening on port 3000","timestamp":"2022-08-08T06:32:07.816Z"}
{"level":"info","message":"connected to mongodb://localhost/Coursely_tests","timestamp":"2022-08-08T06:32:07.955Z"}
{"level":"info","message":"Listening on port 3000","timestamp":"2022-08-08T06:32:11.037Z"}
{"level":"info","message":"connected to mongodb://localhost/Coursely_tests","timestamp":"2022-08-08T06:32:11.286Z"}
{"level":"info","message":"Listening on port 3000","timestamp":"2022-08-08T06:33:20.236Z"}
{"level":"info","message":"connected to mongodb://localhost/Coursely_tests","timestamp":"2022-08-08T06:33:20.399Z"}
{"level":"info","message":"Listening on port 3000","timestamp":"2022-08-08T06:33:23.556Z"}
{"level":"info","message":"connected to mongodb://localhost/Coursely_tests","timestamp":"2022-08-08T06:33:24.164Z"}
{"level":"info","message":"Listening on port 3000","timestamp":"2022-08-08T06:40:22.672Z"}
{"level":"info","message":"connected to mongodb://localhost/Coursely_tests","timestamp":"2022-08-08T06:40:22.822Z"}
{"level":"info","message":"Listening on port 3000","timestamp":"2022-08-08T06:40:26.665Z"}
{"level":"info","message":"connected to mongodb://localhost/Coursely_tests","timestamp":"2022-08-08T06:40:26.954Z"}
{"level":"info","message":"Listening on port 3000","timestamp":"2022-08-08T06:41:47.024Z"}
{"level":"info","message":"connected to mongodb://localhost/Coursely_tests","timestamp":"2022-08-08T06:41:47.148Z"}
{"level":"info","message":"Listening on port 3000","timestamp":"2022-08-08T06:41:50.914Z"}
{"level":"info","message":"connected to mongodb://localhost/Coursely_tests","timestamp":"2022-08-08T06:41:51.269Z"}
{"level":"info","message":"Listening on port 3000","timestamp":"2022-08-08T06:44:48.647Z"}
{"level":"info","message":"connected to mongodb://localhost/Coursely_tests","timestamp":"2022-08-08T06:44:48.910Z"}
{"level":"info","message":"Listening on port 3000","timestamp":"2022-08-08T06:44:53.192Z"}
{"level":"info","message":"connected to mongodb://localhost/Coursely_tests","timestamp":"2022-08-08T06:44:53.585Z"}
{"level":"info","message":"Listening on port 3000","timestamp":"2022-08-08T06:46:22.774Z"}
{"level":"info","message":"connected to mongodb://localhost/Coursely_tests","timestamp":"2022-08-08T06:46:22.920Z"}
{"level":"info","message":"Listening on port 3000","timestamp":"2022-08-08T06:46:27.974Z"}
{"level":"info","message":"connected to mongodb://localhost/Coursely_tests","timestamp":"2022-08-08T06:46:28.309Z"}
{"level":"info","message":"Listening on port 3000","timestamp":"2022-08-08T06:47:46.264Z"}
{"level":"info","message":"connected to mongodb://localhost/Coursely_tests","timestamp":"2022-08-08T06:47:46.380Z"}
{"level":"info","message":"Listening on port 3000","timestamp":"2022-08-08T06:47:49.455Z"}
{"level":"info","message":"connected to mongodb://localhost/Coursely_tests","timestamp":"2022-08-08T06:47:49.712Z"}
{"level":"info","message":"Listening on port 3000","timestamp":"2022-08-08T06:53:37.190Z"}
{"level":"info","message":"connected to mongodb://localhost/Coursely_tests","timestamp":"2022-08-08T06:53:37.387Z"}
{"level":"info","message":"Listening on port 3000","timestamp":"2022-08-08T06:53:43.793Z"}
{"level":"info","message":"connected to mongodb://localhost/Coursely_tests","timestamp":"2022-08-08T06:53:44.775Z"}
{"level":"info","message":"Listening on port 3000","timestamp":"2022-08-08T06:54:18.451Z"}
{"level":"info","message":"connected to mongodb://localhost/Coursely_tests","timestamp":"2022-08-08T06:54:18.592Z"}
{"level":"info","message":"Listening on port 3000","timestamp":"2022-08-08T06:54:22.417Z"}
{"level":"info","message":"connected to mongodb://localhost/Coursely_tests","timestamp":"2022-08-08T06:54:22.721Z"}
{"level":"info","message":"Listening on port 3000","timestamp":"2022-08-08T06:59:54.218Z"}
{"level":"info","message":"connected to mongodb://localhost/Coursely_tests","timestamp":"2022-08-08T06:59:54.382Z"}
{"level":"info","message":"Listening on port 3000","timestamp":"2022-08-08T06:59:58.312Z"}
{"level":"info","message":"connected to mongodb://localhost/Coursely_tests","timestamp":"2022-08-08T06:59:58.727Z"}
{"level":"info","message":"Listening on port 3000","timestamp":"2022-08-08T07:01:14.934Z"}
{"level":"info","message":"connected to mongodb://localhost/Coursely_tests","timestamp":"2022-08-08T07:01:15.087Z"}
{"level":"info","message":"Listening on port 3000","timestamp":"2022-08-08T07:01:18.093Z"}
{"level":"info","message":"connected to mongodb://localhost/Coursely_tests","timestamp":"2022-08-08T07:01:18.366Z"}
{"level":"info","message":"Listening on port 3000","timestamp":"2022-08-08T07:04:56.659Z"}
{"level":"info","message":"connected to mongodb://localhost/Coursely_tests","timestamp":"2022-08-08T07:04:56.826Z"}
{"level":"info","message":"Listening on port 3000","timestamp":"2022-08-08T07:05:01.040Z"}
{"level":"info","message":"connected to mongodb://localhost/Coursely_tests","timestamp":"2022-08-08T07:05:01.172Z"}
{"level":"info","message":"Listening on port 3000","timestamp":"2022-08-08T07:07:56.148Z"}
{"level":"info","message":"connected to mongodb://localhost/Coursely_tests","timestamp":"2022-08-08T07:07:56.398Z"}
{"level":"info","message":"Listening on port 3000","timestamp":"2022-08-08T07:08:04.678Z"}
{"level":"info","message":"connected to mongodb://localhost/Coursely_tests","timestamp":"2022-08-08T07:08:04.809Z"}
{"level":"info","message":"Listening on port 3000","timestamp":"2022-08-08T07:08:35.710Z"}
{"level":"info","message":"connected to mongodb://localhost/Coursely_tests","timestamp":"2022-08-08T07:08:36.015Z"}
{"level":"info","message":"Listening on port 3000","timestamp":"2022-08-08T07:08:41.378Z"}
{"level":"info","message":"connected to mongodb://localhost/Coursely_tests","timestamp":"2022-08-08T07:08:41.713Z"}
{"level":"info","message":"Listening on port 3000","timestamp":"2022-08-08T07:13:26.958Z"}
{"level":"info","message":"connected to mongodb://localhost/Coursely_tests","timestamp":"2022-08-08T07:13:27.538Z"}
{"level":"info","message":"Listening on port 3000","timestamp":"2022-08-08T07:13:33.825Z"}
{"level":"info","message":"connected to mongodb://localhost/Coursely_tests","timestamp":"2022-08-08T07:13:34.051Z"}
{"level":"info","message":"Listening on port 3000","timestamp":"2022-08-08T07:15:09.692Z"}
{"level":"info","message":"connected to mongodb://localhost/Coursely_tests","timestamp":"2022-08-08T07:15:09.824Z"}
{"level":"info","message":"Listening on port 3000","timestamp":"2022-08-08T07:15:14.042Z"}
{"level":"info","message":"connected to mongodb://localhost/Coursely_tests","timestamp":"2022-08-08T07:15:14.351Z"}
{"level":"info","message":"Listening on port 3000","timestamp":"2022-08-08T07:20:00.595Z"}
{"level":"info","message":"connected to mongodb://localhost/Coursely_tests","timestamp":"2022-08-08T07:20:00.879Z"}
{"level":"info","message":"Listening on port 3000","timestamp":"2022-08-08T07:20:09.173Z"}
{"level":"info","message":"connected to mongodb://localhost/Coursely_tests","timestamp":"2022-08-08T07:20:09.859Z"}
{"level":"info","message":"Listening on port 3000","timestamp":"2022-08-08T07:22:46.357Z"}
{"level":"info","message":"connected to mongodb://localhost/Coursely_tests","timestamp":"2022-08-08T07:22:46.496Z"}
{"level":"info","message":"Listening on port 3000","timestamp":"2022-08-08T07:22:51.734Z"}
{"level":"info","message":"connected to mongodb://localhost/Coursely_tests","timestamp":"2022-08-08T07:22:52.248Z"}
{"level":"info","message":"Listening on port 3000","timestamp":"2022-08-08T07:23:19.877Z"}
{"level":"info","message":"connected to mongodb://localhost/Coursely_tests","timestamp":"2022-08-08T07:23:20.297Z"}
{"level":"info","message":"Listening on port 3000","timestamp":"2022-08-08T07:23:25.529Z"}
{"level":"info","message":"connected to mongodb://localhost/Coursely_tests","timestamp":"2022-08-08T07:23:25.872Z"}
{"level":"info","message":"Listening on port 3000","timestamp":"2022-08-08T07:26:40.680Z"}
{"level":"info","message":"connected to mongodb://localhost/Coursely_tests","timestamp":"2022-08-08T07:26:40.814Z"}
{"level":"info","message":"Listening on port 3000","timestamp":"2022-08-08T07:26:44.895Z"}
{"level":"info","message":"connected to mongodb://localhost/Coursely_tests","timestamp":"2022-08-08T07:26:45.338Z"}
{"level":"info","message":"Listening on port 3000","timestamp":"2022-08-08T07:30:47.047Z"}
{"level":"info","message":"connected to mongodb://localhost/Coursely_tests","timestamp":"2022-08-08T07:30:47.188Z"}
{"level":"info","message":"Listening on port 3000","timestamp":"2022-08-08T07:30:51.610Z"}
{"level":"info","message":"connected to mongodb://localhost/Coursely_tests","timestamp":"2022-08-08T07:30:51.698Z"}
